{
  "RSpec": {
    "coverage": {
      "/Users/sabinashrestha/Devpointlabs/summer2015/sandsmarket/spec/controllers/categories_controller_spec.rb": [
        1,
        null,
        1,
        null,
        5,
        null,
        1,
        1,
        1,
        1,
        null,
        null,
        null,
        1,
        1,
        1,
        1,
        null,
        null,
        null,
        1,
        1,
        1,
        1,
        null,
        null,
        1,
        1,
        1,
        1,
        1,
        null,
        null,
        null,
        null,
        1,
        1,
        1,
        1,
        null,
        null,
        null,
        1,
        1,
        1,
        1,
        null,
        null,
        null,
        1,
        1,
        1,
        1,
        null,
        null,
        null,
        1,
        1,
        1,
        1,
        null,
        null,
        null,
        null
      ],
      "/Users/sabinashrestha/Devpointlabs/summer2015/sandsmarket/spec/rails_helper.rb": [
        null,
        1,
        1,
        null,
        1,
        1,
        1,
        null,
        null,
        null,
        null,
        null,
        null,
        null,
        null,
        null,
        null,
        null,
        null,
        null,
        null,
        null,
        null,
        null,
        null,
        null,
        1,
        null,
        1,
        null,
        1,
        null,
        null,
        null,
        null,
        1,
        null,
        null,
        null,
        null,
        null,
        null,
        null,
        null,
        null,
        null,
        null,
        null,
        null,
        null,
        1,
        null
      ],
      "/Users/sabinashrestha/Devpointlabs/summer2015/sandsmarket/config/environment.rb": [
        null,
        1,
        null,
        null,
        1
      ],
      "/Users/sabinashrestha/Devpointlabs/summer2015/sandsmarket/config/application.rb": [
        1,
        null,
        1,
        null,
        null,
        null,
        1,
        null,
        1,
        1,
        null,
        null,
        null,
        null,
        null,
        null,
        null,
        null,
        null,
        null,
        null,
        null,
        null,
        1,
        null,
        null
      ],
      "/Users/sabinashrestha/Devpointlabs/summer2015/sandsmarket/config/boot.rb": [
        1,
        null,
        1
      ],
      "/Users/sabinashrestha/Devpointlabs/summer2015/sandsmarket/config/environments/test.rb": [
        1,
        null,
        null,
        null,
        null,
        null,
        null,
        1,
        null,
        null,
        null,
        null,
        1,
        null,
        null,
        1,
        1,
        null,
        null,
        1,
        1,
        null,
        null,
        1,
        null,
        null,
        1,
        null,
        null,
        null,
        null,
        1,
        null,
        null,
        1,
        null,
        null,
        1,
        null,
        null,
        null,
        null
      ],
      "/Users/sabinashrestha/Devpointlabs/summer2015/sandsmarket/config/initializers/assets.rb": [
        null,
        null,
        null,
        1,
        null,
        null,
        null,
        null,
        null,
        null,
        null
      ],
      "/Users/sabinashrestha/Devpointlabs/summer2015/sandsmarket/config/initializers/backtrace_silencers.rb": [
        null,
        null,
        null,
        null,
        null,
        null,
        null
      ],
      "/Users/sabinashrestha/Devpointlabs/summer2015/sandsmarket/config/initializers/cookies_serializer.rb": [
        null,
        null,
        1
      ],
      "/Users/sabinashrestha/Devpointlabs/summer2015/sandsmarket/config/initializers/filter_parameter_logging.rb": [
        null,
        null,
        null,
        1
      ],
      "/Users/sabinashrestha/Devpointlabs/summer2015/sandsmarket/config/initializers/inflections.rb": [
        null,
        null,
        null,
        null,
        null,
        null,
        null,
        null,
        null,
        null,
        null,
        null,
        null,
        null,
        null,
        null
      ],
      "/Users/sabinashrestha/Devpointlabs/summer2015/sandsmarket/config/initializers/mime_types.rb": [
        null,
        null,
        null,
        null
      ],
      "/Users/sabinashrestha/Devpointlabs/summer2015/sandsmarket/config/initializers/session_store.rb": [
        null,
        null,
        1
      ],
      "/Users/sabinashrestha/Devpointlabs/summer2015/sandsmarket/config/initializers/wrap_parameters.rb": [
        null,
        null,
        null,
        null,
        null,
        null,
        1,
        1,
        null,
        null,
        null,
        null,
        null,
        null
      ],
      "/Users/sabinashrestha/Devpointlabs/summer2015/sandsmarket/config/routes.rb": [
        1,
        null,
        null,
        null,
        null,
        null,
        null,
        null,
        null,
        null,
        null,
        null,
        null,
        null,
        null,
        null,
        null,
        null,
        null,
        null,
        null,
        null,
        null,
        null,
        null,
        null,
        null,
        null,
        null,
        null,
        1,
        1,
        null,
        null,
        null,
        null,
        null,
        null,
        null,
        null,
        null,
        null,
        null,
        null,
        null,
        null,
        null,
        null,
        null,
        null,
        null,
        null,
        null,
        null,
        null,
        null,
        null,
        null,
        null,
        null,
        null,
        null,
        null,
        null,
        null,
        null,
        null,
        null,
        null,
        null,
        null,
        null,
        null,
        null,
        null,
        null,
        null,
        null,
        null,
        null,
        null,
        null,
        null,
        null,
        null,
        null,
        null
      ],
      "/Users/sabinashrestha/Devpointlabs/summer2015/sandsmarket/app/helpers/application_helper.rb": [
        1,
        null
      ],
      "/Users/sabinashrestha/Devpointlabs/summer2015/sandsmarket/app/helpers/categories_helper.rb": [
        1,
        null
      ],
      "/Users/sabinashrestha/Devpointlabs/summer2015/sandsmarket/app/helpers/items_helper.rb": [
        1,
        null
      ],
      "/Users/sabinashrestha/Devpointlabs/summer2015/sandsmarket/app/controllers/categories_controller.rb": [
        1,
        null,
        1,
        null,
        1,
        1,
        null,
        null,
        1,
        1,
        null,
        null,
        1,
        2,
        2,
        1,
        1,
        null,
        1,
        1,
        null,
        null,
        null,
        null,
        1,
        null,
        null,
        null,
        1,
        null,
        null,
        1,
        null,
        null,
        1,
        null,
        null,
        1,
        1,
        4,
        null,
        null,
        1,
        2,
        null,
        null
      ],
      "/Users/sabinashrestha/Devpointlabs/summer2015/sandsmarket/app/controllers/application_controller.rb": [
        1,
        null,
        null,
        1,
        null
      ],
      "/Users/sabinashrestha/Devpointlabs/summer2015/sandsmarket/spec/controllers/items_controller_spec.rb": [
        1,
        null,
        1,
        null,
        5,
        null,
        1,
        1,
        1,
        1,
        null,
        null,
        null,
        1,
        1,
        1,
        1,
        null,
        null,
        null,
        1,
        1,
        1,
        1,
        null,
        null,
        1,
        1,
        1,
        1,
        1,
        null,
        null,
        null,
        null,
        1,
        1,
        1,
        1,
        null,
        null,
        null,
        1,
        1,
        1,
        1,
        null,
        null,
        null,
        1,
        1,
        1,
        1,
        null,
        null,
        null,
        1,
        1,
        1,
        1,
        null,
        null,
        null,
        null
      ],
      "/Users/sabinashrestha/Devpointlabs/summer2015/sandsmarket/app/controllers/items_controller.rb": [
        1,
        1,
        null,
        1,
        1,
        null,
        null,
        1,
        1,
        null,
        null,
        1,
        2,
        2,
        1,
        1,
        null,
        1,
        1,
        null,
        null,
        null,
        1,
        null,
        null,
        1,
        null,
        null,
        1,
        null,
        null,
        1,
        null,
        null,
        1,
        1,
        4,
        null,
        null,
        1,
        2,
        null,
        null
      ],
      "/Users/sabinashrestha/Devpointlabs/summer2015/sandsmarket/spec/helpers/categories_helper_spec.rb": [
        1,
        null,
        null,
        null,
        null,
        null,
        null,
        null,
        null,
        null,
        null,
        null,
        1,
        null,
        null
      ],
      "/Users/sabinashrestha/Devpointlabs/summer2015/sandsmarket/spec/helpers/items_helper_spec.rb": [
        1,
        null,
        null,
        null,
        null,
        null,
        null,
        null,
        null,
        null,
        null,
        null,
        1,
        null,
        null
      ],
      "/Users/sabinashrestha/Devpointlabs/summer2015/sandsmarket/spec/models/category_spec.rb": [
        1,
        null,
        1,
        1,
        1,
        null,
        null,
        1,
        2,
        null,
        null
      ],
      "/Users/sabinashrestha/Devpointlabs/summer2015/sandsmarket/app/models/category.rb": [
        1,
        1,
        1,
        null,
        null,
        null,
        null,
        null,
        null
      ],
      "/Users/sabinashrestha/Devpointlabs/summer2015/sandsmarket/spec/models/item_spec.rb": [
        1,
        null,
        1,
        null,
        1,
        2,
        null,
        null,
        null
      ],
      "/Users/sabinashrestha/Devpointlabs/summer2015/sandsmarket/app/models/item.rb": [
        1,
        1,
        1,
        null
      ],
      "/Users/sabinashrestha/Devpointlabs/summer2015/sandsmarket/spec/views/categories/create.html.erb_spec.rb": [
        1,
        null,
        1,
        null,
        null
      ],
      "/Users/sabinashrestha/Devpointlabs/summer2015/sandsmarket/spec/views/categories/destroy.html.erb_spec.rb": [
        1,
        null,
        1,
        null,
        null
      ],
      "/Users/sabinashrestha/Devpointlabs/summer2015/sandsmarket/spec/views/categories/edit.html.erb_spec.rb": [
        1,
        null,
        1,
        null,
        null
      ],
      "/Users/sabinashrestha/Devpointlabs/summer2015/sandsmarket/spec/views/categories/index.html.erb_spec.rb": [
        1,
        null,
        1,
        null,
        null
      ],
      "/Users/sabinashrestha/Devpointlabs/summer2015/sandsmarket/spec/views/categories/new.html.erb_spec.rb": [
        1,
        null,
        1,
        null,
        null
      ],
      "/Users/sabinashrestha/Devpointlabs/summer2015/sandsmarket/spec/views/categories/show.html.erb_spec.rb": [
        1,
        null,
        1,
        null,
        null
      ],
      "/Users/sabinashrestha/Devpointlabs/summer2015/sandsmarket/spec/views/categories/update.html.erb_spec.rb": [
        1,
        null,
        1,
        null,
        null
      ],
      "/Users/sabinashrestha/Devpointlabs/summer2015/sandsmarket/spec/views/items/create.html.erb_spec.rb": [
        1,
        null,
        1,
        null,
        null
      ],
      "/Users/sabinashrestha/Devpointlabs/summer2015/sandsmarket/spec/views/items/destroy.html.erb_spec.rb": [
        1,
        null,
        1,
        null,
        null
      ],
      "/Users/sabinashrestha/Devpointlabs/summer2015/sandsmarket/spec/views/items/edit.html.erb_spec.rb": [
        1,
        null,
        1,
        null,
        null
      ],
      "/Users/sabinashrestha/Devpointlabs/summer2015/sandsmarket/spec/views/items/index.html.erb_spec.rb": [
        1,
        null,
        1,
        null,
        null
      ],
      "/Users/sabinashrestha/Devpointlabs/summer2015/sandsmarket/spec/views/items/new.html.erb_spec.rb": [
        1,
        null,
        1,
        null,
        null
      ],
      "/Users/sabinashrestha/Devpointlabs/summer2015/sandsmarket/spec/views/items/show.html.erb_spec.rb": [
        1,
        null,
        1,
        null,
        null
      ],
      "/Users/sabinashrestha/Devpointlabs/summer2015/sandsmarket/spec/views/items/update.html.erb_spec.rb": [
        1,
        null,
        1,
        null,
        null
      ]
    },
    "timestamp": 1435250598
  }
}
